c:\users\nevet\documents\programming\gamedevjourney\scroller\scroller\debug\vc142.pdb
c:\users\nevet\documents\programming\gamedevjourney\scroller\scroller\debug\vc142.idb
c:\users\nevet\documents\programming\gamedevjourney\scroller\scroller\debug\main.obj
c:\users\nevet\documents\programming\gamedevjourney\scroller\scroller\debug\animspritecomponent.obj
c:\users\nevet\documents\programming\gamedevjourney\scroller\scroller\debug\math.obj
c:\users\nevet\documents\programming\gamedevjourney\scroller\scroller\debug\spritecomponent.obj
c:\users\nevet\documents\programming\gamedevjourney\scroller\scroller\debug\ship.obj
c:\users\nevet\documents\programming\gamedevjourney\scroller\scroller\debug\game.obj
c:\users\nevet\documents\programming\gamedevjourney\scroller\scroller\debug\component.obj
c:\users\nevet\documents\programming\gamedevjourney\scroller\scroller\debug\bgspritecomponent.obj
c:\users\nevet\documents\programming\gamedevjourney\scroller\scroller\debug\actor.obj
c:\users\nevet\documents\programming\gamedevjourney\scroller\scroller\debug\skeleton.obj
c:\users\nevet\documents\programming\gamedevjourney\scroller\scroller\debug\tilemapcomponent.obj
c:\users\nevet\documents\programming\gamedevjourney\scroller\debug\scroller.exe
c:\users\nevet\documents\programming\gamedevjourney\scroller\debug\scroller.ilk
c:\users\nevet\documents\programming\gamedevjourney\scroller\debug\scroller.pdb
c:\users\nevet\documents\programming\gamedevjourney\scroller\scroller\debug\scroller.tlog\cl.command.1.tlog
c:\users\nevet\documents\programming\gamedevjourney\scroller\scroller\debug\scroller.tlog\cl.read.1.tlog
c:\users\nevet\documents\programming\gamedevjourney\scroller\scroller\debug\scroller.tlog\cl.write.1.tlog
c:\users\nevet\documents\programming\gamedevjourney\scroller\scroller\debug\scroller.tlog\link.command.1.tlog
c:\users\nevet\documents\programming\gamedevjourney\scroller\scroller\debug\scroller.tlog\link.read.1.tlog
c:\users\nevet\documents\programming\gamedevjourney\scroller\scroller\debug\scroller.tlog\link.write.1.tlog
